<?xml version="1.0" encoding="UTF-8"?>
<!-- Generated by org.testng.reporters.JUnitReportReporter -->
<testsuite hostname="Reemas-Air.bbrouter" failures="0" tests="3" name="pomdemo_package.Pom_Calling" time="153.148" errors="0" timestamp="2023-12-08T07:44:48 IST" skipped="0">
  <testcase classname="pomdemo_package.Pom_Calling" name="call_method" time="17.242"/>
  <testcase classname="pomdemo_package.Pom_Calling" name="call_method" time="111.860"/>
  <testcase classname="pomdemo_package.Pom_Calling" name="call_method" time="24.046"/>
</testsuite> <!-- pomdemo_package.Pom_Calling -->
