<?xml version="1.0" encoding="UTF-8"?>
<!-- Generated by org.testng.reporters.JUnitReportReporter -->
<testsuite hostname="Reemas-Air.bbrouter" failures="0" tests="1" name="pomdemo_package.PomCalling" time="26.018" errors="0" timestamp="2024-01-11T16:11:16 IST" skipped="0">
  <testcase classname="pomdemo_package.PomCalling" name="pomcalling_method" time="26.018"/>
</testsuite> <!-- pomdemo_package.PomCalling -->
